-- The C compiler identification is GNU 13.1.0
-- The CXX compiler identification is GNU 13.1.0
-- Detecting C compiler ABI info
-- Detecting C compiler ABI info - done
-- Check for working C compiler: /usr/bin/cc - skipped
-- Detecting C compile features
-- Detecting C compile features - done
-- Detecting CXX compiler ABI info
-- Detecting CXX compiler ABI info - done
-- Check for working CXX compiler: /usr/bin/c++ - skipped
-- Detecting CXX compile features
-- Detecting CXX compile features - done
-- Found ament_cmake: 1.3.11 (/opt/ros/humble/share/ament_cmake/cmake)
-- Found Python3: /usr/bin/python3 (found version "3.10.12") found components: Interpreter 
-- Override CMake install command with custom implementation using symlinks instead of copying resources
-- Found rosidl_default_generators: 1.2.0 (/opt/ros/humble/share/rosidl_default_generators/cmake)
-- Using all available rosidl_typesupport_c: rosidl_typesupport_fastrtps_c;rosidl_typesupport_introspection_c
-- Found rosidl_adapter: 3.1.6 (/opt/ros/humble/share/rosidl_adapter/cmake)
-- Using all available rosidl_typesupport_cpp: rosidl_typesupport_fastrtps_cpp;rosidl_typesupport_introspection_cpp
-- Found std_msgs: 4.2.4 (/opt/ros/humble/share/std_msgs/cmake)
-- Found ament_cmake_ros: 0.10.0 (/opt/ros/humble/share/ament_cmake_ros/cmake)
-- Using all available rosidl_typesupport_c: rosidl_typesupport_fastrtps_c;rosidl_typesupport_introspection_c
-- Using all available rosidl_typesupport_cpp: rosidl_typesupport_fastrtps_cpp;rosidl_typesupport_introspection_cpp
-- Found PythonInterp: /usr/bin/python3 (found suitable version "3.10.12", minimum required is "3.6") 
-- Found python_cmake_module: 0.10.0 (/opt/ros/humble/share/python_cmake_module/cmake)
-- Found PythonLibs: /usr/lib/x86_64-linux-gnu/libpython3.10.so (found suitable version "3.10.12", minimum required is "3.5") 
-- Using PYTHON_EXECUTABLE: /usr/bin/python3
-- Using PYTHON_INCLUDE_DIRS: /usr/include/python3.10
-- Using PYTHON_LIBRARIES: /usr/lib/x86_64-linux-gnu/libpython3.10.so
-- Found PythonExtra: .so  
-- Configuring done (2.4s)
-- Generating done (0.0s)
-- Build files have been written to: /home/zy/X1/my_robot_ws/my_robot_ws/src/my_robot_interaction/voice_robot/build/my_ros2_proto
[  3%] [34m[1mGenerating C code for ROS interfaces[0m
[  6%] [34m[1mGenerating C++ code for ROS interfaces[0m
[  6%] Built target ament_cmake_python_symlink_my_ros2_proto
[  9%] [32mBuilding C object CMakeFiles/my_ros2_proto__rosidl_generator_c.dir/rosidl_generator_c/my_ros2_proto/msg/detail/joint_command__functions.c.o[0m
[ 12%] [32m[1mLinking C shared library libmy_ros2_proto__rosidl_generator_c.so[0m
[ 12%] Built target my_ros2_proto__rosidl_generator_c
running egg_info
creating my_ros2_proto.egg-info
writing my_ros2_proto.egg-info/PKG-INFO
writing dependency_links to my_ros2_proto.egg-info/dependency_links.txt
writing top-level names to my_ros2_proto.egg-info/top_level.txt
writing manifest file 'my_ros2_proto.egg-info/SOURCES.txt'
[ 19%] [34m[1mGenerating C type support for eProsima Fast-RTPS[0m
[ 19%] [34m[1mGenerating C introspection for ROS interfaces[0m
[ 22%] [34m[1mGenerating C type support dispatch for ROS interfaces[0m
reading manifest file 'my_ros2_proto.egg-info/SOURCES.txt'
writing manifest file 'my_ros2_proto.egg-info/SOURCES.txt'
[ 22%] Built target my_ros2_proto__cpp
[ 22%] Built target ament_cmake_python_build_my_ros2_proto_egg
[ 25%] [34m[1mGenerating C++ type support for eProsima Fast-RTPS[0m
[ 29%] [34m[1mGenerating C++ introspection for ROS interfaces[0m
[ 32%] [34m[1mGenerating C++ type support dispatch for ROS interfaces[0m
[ 35%] [32mBuilding CXX object CMakeFiles/my_ros2_proto__rosidl_typesupport_c.dir/rosidl_typesupport_c/my_ros2_proto/msg/joint_command__type_support.cpp.o[0m
[ 38%] [32mBuilding CXX object CMakeFiles/my_ros2_proto__rosidl_typesupport_fastrtps_c.dir/rosidl_typesupport_fastrtps_c/my_ros2_proto/msg/detail/joint_command__type_support_c.cpp.o[0m
[ 41%] [32mBuilding CXX object CMakeFiles/my_ros2_proto__rosidl_typesupport_cpp.dir/rosidl_typesupport_cpp/my_ros2_proto/msg/joint_command__type_support.cpp.o[0m
[ 45%] [32m[1mLinking CXX shared library libmy_ros2_proto__rosidl_typesupport_c.so[0m
[ 48%] [32mBuilding C object CMakeFiles/my_ros2_proto__rosidl_typesupport_introspection_c.dir/rosidl_typesupport_introspection_c/my_ros2_proto/msg/detail/joint_command__type_support.c.o[0m
[ 51%] [32mBuilding CXX object CMakeFiles/my_ros2_proto__rosidl_typesupport_introspection_cpp.dir/rosidl_typesupport_introspection_cpp/my_ros2_proto/msg/detail/joint_command__type_support.cpp.o[0m
[ 54%] [32mBuilding CXX object CMakeFiles/my_ros2_proto__rosidl_typesupport_fastrtps_cpp.dir/rosidl_typesupport_fastrtps_cpp/my_ros2_proto/msg/detail/dds_fastrtps/joint_command__type_support.cpp.o[0m
[ 54%] Built target my_ros2_proto__rosidl_typesupport_c
[ 58%] [32m[1mLinking C shared library libmy_ros2_proto__rosidl_typesupport_introspection_c.so[0m
[ 58%] Built target my_ros2_proto__rosidl_typesupport_introspection_c
[ 61%] [32m[1mLinking CXX shared library libmy_ros2_proto__rosidl_typesupport_cpp.so[0m
[ 61%] Built target my_ros2_proto__rosidl_typesupport_cpp
[ 64%] [32m[1mLinking CXX shared library libmy_ros2_proto__rosidl_typesupport_fastrtps_c.so[0m
[ 67%] [32m[1mLinking CXX shared library libmy_ros2_proto__rosidl_typesupport_introspection_cpp.so[0m
[ 67%] Built target my_ros2_proto__rosidl_typesupport_introspection_cpp
[ 67%] Built target my_ros2_proto__rosidl_typesupport_fastrtps_c
[ 70%] [32m[1mLinking CXX shared library libmy_ros2_proto__rosidl_typesupport_fastrtps_cpp.so[0m
[ 70%] Built target my_ros2_proto__rosidl_typesupport_fastrtps_cpp
[ 70%] Built target my_ros2_proto
[ 74%] [34m[1mGenerating Python code for ROS interfaces[0m
[ 74%] Built target my_ros2_proto__py
[ 77%] [32mBuilding C object CMakeFiles/my_ros2_proto__rosidl_generator_py.dir/rosidl_generator_py/my_ros2_proto/msg/_joint_command_s.c.o[0m
[ 80%] [32m[1mLinking C shared library rosidl_generator_py/my_ros2_proto/libmy_ros2_proto__rosidl_generator_py.so[0m
[ 80%] Built target my_ros2_proto__rosidl_generator_py
[ 87%] [32mBuilding C object CMakeFiles/my_ros2_proto__rosidl_typesupport_introspection_c__pyext.dir/rosidl_generator_py/my_ros2_proto/_my_ros2_proto_s.ep.rosidl_typesupport_introspection_c.c.o[0m
[ 87%] [32mBuilding C object CMakeFiles/my_ros2_proto__rosidl_typesupport_fastrtps_c__pyext.dir/rosidl_generator_py/my_ros2_proto/_my_ros2_proto_s.ep.rosidl_typesupport_fastrtps_c.c.o[0m
[ 90%] [32mBuilding C object CMakeFiles/my_ros2_proto__rosidl_typesupport_c__pyext.dir/rosidl_generator_py/my_ros2_proto/_my_ros2_proto_s.ep.rosidl_typesupport_c.c.o[0m
[100%] [32m[1mLinking C shared library rosidl_generator_py/my_ros2_proto/my_ros2_proto_s__rosidl_typesupport_fastrtps_c.cpython-310-x86_64-linux-gnu.so[0m
[100%] [32m[1mLinking C shared library rosidl_generator_py/my_ros2_proto/my_ros2_proto_s__rosidl_typesupport_c.cpython-310-x86_64-linux-gnu.so[0m
[100%] [32m[1mLinking C shared library rosidl_generator_py/my_ros2_proto/my_ros2_proto_s__rosidl_typesupport_introspection_c.cpython-310-x86_64-linux-gnu.so[0m
[100%] Built target my_ros2_proto__rosidl_typesupport_c__pyext
[100%] Built target my_ros2_proto__rosidl_typesupport_introspection_c__pyext
[100%] Built target my_ros2_proto__rosidl_typesupport_fastrtps_c__pyext
-- Install configuration: ""
-- Execute custom install script
-- Symlinking: /home/zy/X1/my_robot_ws/my_robot_ws/src/my_robot_interaction/voice_robot/install/my_ros2_proto/share/ament_index/resource_index/rosidl_interfaces/my_ros2_proto
-- Symlinking: /home/zy/X1/my_robot_ws/my_robot_ws/src/my_robot_interaction/voice_robot/install/my_ros2_proto/include/my_ros2_proto/my_ros2_proto/msg/detail/joint_command__functions.h
-- Symlinking: /home/zy/X1/my_robot_ws/my_robot_ws/src/my_robot_interaction/voice_robot/install/my_ros2_proto/include/my_ros2_proto/my_ros2_proto/msg/detail/joint_command__struct.h
-- Symlinking: /home/zy/X1/my_robot_ws/my_robot_ws/src/my_robot_interaction/voice_robot/install/my_ros2_proto/include/my_ros2_proto/my_ros2_proto/msg/detail/joint_command__type_support.h
-- Symlinking: /home/zy/X1/my_robot_ws/my_robot_ws/src/my_robot_interaction/voice_robot/install/my_ros2_proto/include/my_ros2_proto/my_ros2_proto/msg/joint_command.h
-- Symlinking: /home/zy/X1/my_robot_ws/my_robot_ws/src/my_robot_interaction/voice_robot/install/my_ros2_proto/include/my_ros2_proto/my_ros2_proto/msg/rosidl_generator_c__visibility_control.h
-- Symlinking: /home/zy/X1/my_robot_ws/my_robot_ws/src/my_robot_interaction/voice_robot/install/my_ros2_proto/share/my_ros2_proto/environment/library_path.sh
-- Symlinking: /home/zy/X1/my_robot_ws/my_robot_ws/src/my_robot_interaction/voice_robot/install/my_ros2_proto/share/my_ros2_proto/environment/library_path.dsv
-- Symlinking: /home/zy/X1/my_robot_ws/my_robot_ws/src/my_robot_interaction/voice_robot/install/my_ros2_proto/include/my_ros2_proto/my_ros2_proto/msg/detail/joint_command__rosidl_typesupport_fastrtps_c.h
-- Symlinking: /home/zy/X1/my_robot_ws/my_robot_ws/src/my_robot_interaction/voice_robot/install/my_ros2_proto/include/my_ros2_proto/my_ros2_proto/msg/rosidl_typesupport_fastrtps_c__visibility_control.h
-- Symlinking: /home/zy/X1/my_robot_ws/my_robot_ws/src/my_robot_interaction/voice_robot/install/my_ros2_proto/include/my_ros2_proto/my_ros2_proto/msg/detail/joint_command__rosidl_typesupport_introspection_c.h
-- Symlinking: /home/zy/X1/my_robot_ws/my_robot_ws/src/my_robot_interaction/voice_robot/install/my_ros2_proto/include/my_ros2_proto/my_ros2_proto/msg/rosidl_typesupport_introspection_c__visibility_control.h
-- Symlinking: /home/zy/X1/my_robot_ws/my_robot_ws/src/my_robot_interaction/voice_robot/install/my_ros2_proto/include/my_ros2_proto/my_ros2_proto/msg/detail/joint_command__builder.hpp
-- Symlinking: /home/zy/X1/my_robot_ws/my_robot_ws/src/my_robot_interaction/voice_robot/install/my_ros2_proto/include/my_ros2_proto/my_ros2_proto/msg/detail/joint_command__struct.hpp
-- Symlinking: /home/zy/X1/my_robot_ws/my_robot_ws/src/my_robot_interaction/voice_robot/install/my_ros2_proto/include/my_ros2_proto/my_ros2_proto/msg/detail/joint_command__traits.hpp
-- Symlinking: /home/zy/X1/my_robot_ws/my_robot_ws/src/my_robot_interaction/voice_robot/install/my_ros2_proto/include/my_ros2_proto/my_ros2_proto/msg/detail/joint_command__type_support.hpp
-- Symlinking: /home/zy/X1/my_robot_ws/my_robot_ws/src/my_robot_interaction/voice_robot/install/my_ros2_proto/include/my_ros2_proto/my_ros2_proto/msg/joint_command.hpp
-- Symlinking: /home/zy/X1/my_robot_ws/my_robot_ws/src/my_robot_interaction/voice_robot/install/my_ros2_proto/include/my_ros2_proto/my_ros2_proto/msg/rosidl_generator_cpp__visibility_control.hpp
-- Symlinking: /home/zy/X1/my_robot_ws/my_robot_ws/src/my_robot_interaction/voice_robot/install/my_ros2_proto/include/my_ros2_proto/my_ros2_proto/msg/detail/joint_command__rosidl_typesupport_fastrtps_cpp.hpp
-- Symlinking: /home/zy/X1/my_robot_ws/my_robot_ws/src/my_robot_interaction/voice_robot/install/my_ros2_proto/include/my_ros2_proto/my_ros2_proto/msg/rosidl_typesupport_fastrtps_cpp__visibility_control.h
-- Symlinking: /home/zy/X1/my_robot_ws/my_robot_ws/src/my_robot_interaction/voice_robot/install/my_ros2_proto/include/my_ros2_proto/my_ros2_proto/msg/detail/joint_command__rosidl_typesupport_introspection_cpp.hpp
-- Symlinking: /home/zy/X1/my_robot_ws/my_robot_ws/src/my_robot_interaction/voice_robot/install/my_ros2_proto/share/my_ros2_proto/environment/pythonpath.sh
-- Symlinking: /home/zy/X1/my_robot_ws/my_robot_ws/src/my_robot_interaction/voice_robot/install/my_ros2_proto/share/my_ros2_proto/environment/pythonpath.dsv
-- Symlinking: /home/zy/X1/my_robot_ws/my_robot_ws/src/my_robot_interaction/voice_robot/install/my_ros2_proto/local/lib/python3.10/dist-packages/my_ros2_proto-0.1.0-py3.10.egg-info/PKG-INFO
-- Symlinking: /home/zy/X1/my_robot_ws/my_robot_ws/src/my_robot_interaction/voice_robot/install/my_ros2_proto/local/lib/python3.10/dist-packages/my_ros2_proto-0.1.0-py3.10.egg-info/SOURCES.txt
-- Symlinking: /home/zy/X1/my_robot_ws/my_robot_ws/src/my_robot_interaction/voice_robot/install/my_ros2_proto/local/lib/python3.10/dist-packages/my_ros2_proto-0.1.0-py3.10.egg-info/dependency_links.txt
-- Symlinking: /home/zy/X1/my_robot_ws/my_robot_ws/src/my_robot_interaction/voice_robot/install/my_ros2_proto/local/lib/python3.10/dist-packages/my_ros2_proto-0.1.0-py3.10.egg-info/top_level.txt
-- Symlinking: /home/zy/X1/my_robot_ws/my_robot_ws/src/my_robot_interaction/voice_robot/install/my_ros2_proto/local/lib/python3.10/dist-packages/my_ros2_proto/__init__.py
-- Symlinking: /home/zy/X1/my_robot_ws/my_robot_ws/src/my_robot_interaction/voice_robot/install/my_ros2_proto/local/lib/python3.10/dist-packages/my_ros2_proto/_my_ros2_proto_s.ep.rosidl_typesupport_c.c
-- Symlinking: /home/zy/X1/my_robot_ws/my_robot_ws/src/my_robot_interaction/voice_robot/install/my_ros2_proto/local/lib/python3.10/dist-packages/my_ros2_proto/_my_ros2_proto_s.ep.rosidl_typesupport_fastrtps_c.c
-- Symlinking: /home/zy/X1/my_robot_ws/my_robot_ws/src/my_robot_interaction/voice_robot/install/my_ros2_proto/local/lib/python3.10/dist-packages/my_ros2_proto/_my_ros2_proto_s.ep.rosidl_typesupport_introspection_c.c
-- Symlinking: /home/zy/X1/my_robot_ws/my_robot_ws/src/my_robot_interaction/voice_robot/install/my_ros2_proto/local/lib/python3.10/dist-packages/my_ros2_proto/libmy_ros2_proto__rosidl_generator_py.so
-- Symlinking: /home/zy/X1/my_robot_ws/my_robot_ws/src/my_robot_interaction/voice_robot/install/my_ros2_proto/local/lib/python3.10/dist-packages/my_ros2_proto/msg/__init__.py
-- Symlinking: /home/zy/X1/my_robot_ws/my_robot_ws/src/my_robot_interaction/voice_robot/install/my_ros2_proto/local/lib/python3.10/dist-packages/my_ros2_proto/msg/_joint_command.py
-- Symlinking: /home/zy/X1/my_robot_ws/my_robot_ws/src/my_robot_interaction/voice_robot/install/my_ros2_proto/local/lib/python3.10/dist-packages/my_ros2_proto/msg/_joint_command_s.c
-- Symlinking: /home/zy/X1/my_robot_ws/my_robot_ws/src/my_robot_interaction/voice_robot/install/my_ros2_proto/local/lib/python3.10/dist-packages/my_ros2_proto/my_ros2_proto_s__rosidl_typesupport_c.cpython-310-x86_64-linux-gnu.so
-- Symlinking: /home/zy/X1/my_robot_ws/my_robot_ws/src/my_robot_interaction/voice_robot/install/my_ros2_proto/local/lib/python3.10/dist-packages/my_ros2_proto/my_ros2_proto_s__rosidl_typesupport_fastrtps_c.cpython-310-x86_64-linux-gnu.so
-- Symlinking: /home/zy/X1/my_robot_ws/my_robot_ws/src/my_robot_interaction/voice_robot/install/my_ros2_proto/local/lib/python3.10/dist-packages/my_ros2_proto/my_ros2_proto_s__rosidl_typesupport_introspection_c.cpython-310-x86_64-linux-gnu.so
-- Up-to-date symlink: /home/zy/X1/my_robot_ws/my_robot_ws/src/my_robot_interaction/voice_robot/install/my_ros2_proto/local/lib/python3.10/dist-packages/my_ros2_proto/my_ros2_proto_s__rosidl_typesupport_fastrtps_c.cpython-310-x86_64-linux-gnu.so
-- Up-to-date symlink: /home/zy/X1/my_robot_ws/my_robot_ws/src/my_robot_interaction/voice_robot/install/my_ros2_proto/local/lib/python3.10/dist-packages/my_ros2_proto/my_ros2_proto_s__rosidl_typesupport_introspection_c.cpython-310-x86_64-linux-gnu.so
-- Up-to-date symlink: /home/zy/X1/my_robot_ws/my_robot_ws/src/my_robot_interaction/voice_robot/install/my_ros2_proto/local/lib/python3.10/dist-packages/my_ros2_proto/my_ros2_proto_s__rosidl_typesupport_c.cpython-310-x86_64-linux-gnu.so
-- Symlinking: /home/zy/X1/my_robot_ws/my_robot_ws/src/my_robot_interaction/voice_robot/install/my_ros2_proto/share/my_ros2_proto/msg/JointCommand.idl
-- Symlinking: /home/zy/X1/my_robot_ws/my_robot_ws/src/my_robot_interaction/voice_robot/install/my_ros2_proto/share/my_ros2_proto/msg/JointCommand.msg
-- Symlinking: /home/zy/X1/my_robot_ws/my_robot_ws/src/my_robot_interaction/voice_robot/install/my_ros2_proto/share/ament_index/resource_index/package_run_dependencies/my_ros2_proto
-- Symlinking: /home/zy/X1/my_robot_ws/my_robot_ws/src/my_robot_interaction/voice_robot/install/my_ros2_proto/share/ament_index/resource_index/parent_prefix_path/my_ros2_proto
-- Symlinking: /home/zy/X1/my_robot_ws/my_robot_ws/src/my_robot_interaction/voice_robot/install/my_ros2_proto/share/my_ros2_proto/environment/ament_prefix_path.sh
-- Symlinking: /home/zy/X1/my_robot_ws/my_robot_ws/src/my_robot_interaction/voice_robot/install/my_ros2_proto/share/my_ros2_proto/environment/ament_prefix_path.dsv
-- Symlinking: /home/zy/X1/my_robot_ws/my_robot_ws/src/my_robot_interaction/voice_robot/install/my_ros2_proto/share/my_ros2_proto/environment/path.sh
-- Symlinking: /home/zy/X1/my_robot_ws/my_robot_ws/src/my_robot_interaction/voice_robot/install/my_ros2_proto/share/my_ros2_proto/environment/path.dsv
-- Symlinking: /home/zy/X1/my_robot_ws/my_robot_ws/src/my_robot_interaction/voice_robot/install/my_ros2_proto/share/my_ros2_proto/local_setup.bash
-- Symlinking: /home/zy/X1/my_robot_ws/my_robot_ws/src/my_robot_interaction/voice_robot/install/my_ros2_proto/share/my_ros2_proto/local_setup.sh
-- Symlinking: /home/zy/X1/my_robot_ws/my_robot_ws/src/my_robot_interaction/voice_robot/install/my_ros2_proto/share/my_ros2_proto/local_setup.zsh
-- Symlinking: /home/zy/X1/my_robot_ws/my_robot_ws/src/my_robot_interaction/voice_robot/install/my_ros2_proto/share/my_ros2_proto/local_setup.dsv
-- Symlinking: /home/zy/X1/my_robot_ws/my_robot_ws/src/my_robot_interaction/voice_robot/install/my_ros2_proto/share/my_ros2_proto/package.dsv
-- Symlinking: /home/zy/X1/my_robot_ws/my_robot_ws/src/my_robot_interaction/voice_robot/install/my_ros2_proto/share/ament_index/resource_index/packages/my_ros2_proto
-- Symlinking: /home/zy/X1/my_robot_ws/my_robot_ws/src/my_robot_interaction/voice_robot/install/my_ros2_proto/share/my_ros2_proto/cmake/rosidl_cmake-extras.cmake
-- Symlinking: /home/zy/X1/my_robot_ws/my_robot_ws/src/my_robot_interaction/voice_robot/install/my_ros2_proto/share/my_ros2_proto/cmake/ament_cmake_export_dependencies-extras.cmake
-- Symlinking: /home/zy/X1/my_robot_ws/my_robot_ws/src/my_robot_interaction/voice_robot/install/my_ros2_proto/share/my_ros2_proto/cmake/ament_cmake_export_include_directories-extras.cmake
-- Symlinking: /home/zy/X1/my_robot_ws/my_robot_ws/src/my_robot_interaction/voice_robot/install/my_ros2_proto/share/my_ros2_proto/cmake/ament_cmake_export_libraries-extras.cmake
-- Symlinking: /home/zy/X1/my_robot_ws/my_robot_ws/src/my_robot_interaction/voice_robot/install/my_ros2_proto/share/my_ros2_proto/cmake/ament_cmake_export_targets-extras.cmake
-- Symlinking: /home/zy/X1/my_robot_ws/my_robot_ws/src/my_robot_interaction/voice_robot/install/my_ros2_proto/share/my_ros2_proto/cmake/rosidl_cmake_export_typesupport_targets-extras.cmake
-- Symlinking: /home/zy/X1/my_robot_ws/my_robot_ws/src/my_robot_interaction/voice_robot/install/my_ros2_proto/share/my_ros2_proto/cmake/rosidl_cmake_export_typesupport_libraries-extras.cmake
-- Symlinking: /home/zy/X1/my_robot_ws/my_robot_ws/src/my_robot_interaction/voice_robot/install/my_ros2_proto/share/my_ros2_proto/cmake/my_ros2_protoConfig.cmake
-- Symlinking: /home/zy/X1/my_robot_ws/my_robot_ws/src/my_robot_interaction/voice_robot/install/my_ros2_proto/share/my_ros2_proto/cmake/my_ros2_protoConfig-version.cmake
-- Symlinking: /home/zy/X1/my_robot_ws/my_robot_ws/src/my_robot_interaction/voice_robot/install/my_ros2_proto/share/my_ros2_proto/package.xml
-- Installing: /home/zy/X1/my_robot_ws/my_robot_ws/src/my_robot_interaction/voice_robot/install/my_ros2_proto/lib/libmy_ros2_proto__rosidl_generator_c.so
-- Set runtime path of "/home/zy/X1/my_robot_ws/my_robot_ws/src/my_robot_interaction/voice_robot/install/my_ros2_proto/lib/libmy_ros2_proto__rosidl_generator_c.so" to ""
-- Installing: /home/zy/X1/my_robot_ws/my_robot_ws/src/my_robot_interaction/voice_robot/install/my_ros2_proto/lib/libmy_ros2_proto__rosidl_typesupport_fastrtps_c.so
-- Set runtime path of "/home/zy/X1/my_robot_ws/my_robot_ws/src/my_robot_interaction/voice_robot/install/my_ros2_proto/lib/libmy_ros2_proto__rosidl_typesupport_fastrtps_c.so" to ""
-- Installing: /home/zy/X1/my_robot_ws/my_robot_ws/src/my_robot_interaction/voice_robot/install/my_ros2_proto/lib/libmy_ros2_proto__rosidl_typesupport_introspection_c.so
-- Set runtime path of "/home/zy/X1/my_robot_ws/my_robot_ws/src/my_robot_interaction/voice_robot/install/my_ros2_proto/lib/libmy_ros2_proto__rosidl_typesupport_introspection_c.so" to ""
-- Installing: /home/zy/X1/my_robot_ws/my_robot_ws/src/my_robot_interaction/voice_robot/install/my_ros2_proto/lib/libmy_ros2_proto__rosidl_typesupport_c.so
-- Set runtime path of "/home/zy/X1/my_robot_ws/my_robot_ws/src/my_robot_interaction/voice_robot/install/my_ros2_proto/lib/libmy_ros2_proto__rosidl_typesupport_c.so" to ""
-- Installing: /home/zy/X1/my_robot_ws/my_robot_ws/src/my_robot_interaction/voice_robot/install/my_ros2_proto/lib/libmy_ros2_proto__rosidl_typesupport_fastrtps_cpp.so
-- Set runtime path of "/home/zy/X1/my_robot_ws/my_robot_ws/src/my_robot_interaction/voice_robot/install/my_ros2_proto/lib/libmy_ros2_proto__rosidl_typesupport_fastrtps_cpp.so" to ""
-- Installing: /home/zy/X1/my_robot_ws/my_robot_ws/src/my_robot_interaction/voice_robot/install/my_ros2_proto/lib/libmy_ros2_proto__rosidl_typesupport_introspection_cpp.so
-- Set runtime path of "/home/zy/X1/my_robot_ws/my_robot_ws/src/my_robot_interaction/voice_robot/install/my_ros2_proto/lib/libmy_ros2_proto__rosidl_typesupport_introspection_cpp.so" to ""
-- Installing: /home/zy/X1/my_robot_ws/my_robot_ws/src/my_robot_interaction/voice_robot/install/my_ros2_proto/lib/libmy_ros2_proto__rosidl_typesupport_cpp.so
-- Set runtime path of "/home/zy/X1/my_robot_ws/my_robot_ws/src/my_robot_interaction/voice_robot/install/my_ros2_proto/lib/libmy_ros2_proto__rosidl_typesupport_cpp.so" to ""
Listing '/home/zy/X1/my_robot_ws/my_robot_ws/src/my_robot_interaction/voice_robot/install/my_ros2_proto/local/lib/python3.10/dist-packages/my_ros2_proto'...
Compiling '/home/zy/X1/my_robot_ws/my_robot_ws/src/my_robot_interaction/voice_robot/install/my_ros2_proto/local/lib/python3.10/dist-packages/my_ros2_proto/__init__.py'...
Listing '/home/zy/X1/my_robot_ws/my_robot_ws/src/my_robot_interaction/voice_robot/install/my_ros2_proto/local/lib/python3.10/dist-packages/my_ros2_proto/msg'...
Compiling '/home/zy/X1/my_robot_ws/my_robot_ws/src/my_robot_interaction/voice_robot/install/my_ros2_proto/local/lib/python3.10/dist-packages/my_ros2_proto/msg/__init__.py'...
Compiling '/home/zy/X1/my_robot_ws/my_robot_ws/src/my_robot_interaction/voice_robot/install/my_ros2_proto/local/lib/python3.10/dist-packages/my_ros2_proto/msg/_joint_command.py'...
-- Installing: /home/zy/X1/my_robot_ws/my_robot_ws/src/my_robot_interaction/voice_robot/install/my_ros2_proto/lib/libmy_ros2_proto__rosidl_generator_py.so
-- Set runtime path of "/home/zy/X1/my_robot_ws/my_robot_ws/src/my_robot_interaction/voice_robot/install/my_ros2_proto/lib/libmy_ros2_proto__rosidl_generator_py.so" to ""
-- Installing: /home/zy/X1/my_robot_ws/my_robot_ws/src/my_robot_interaction/voice_robot/install/my_ros2_proto/share/my_ros2_proto/cmake/export_my_ros2_proto__rosidl_generator_cExport.cmake
-- Installing: /home/zy/X1/my_robot_ws/my_robot_ws/src/my_robot_interaction/voice_robot/install/my_ros2_proto/share/my_ros2_proto/cmake/export_my_ros2_proto__rosidl_generator_cExport-noconfig.cmake
-- Installing: /home/zy/X1/my_robot_ws/my_robot_ws/src/my_robot_interaction/voice_robot/install/my_ros2_proto/share/my_ros2_proto/cmake/export_my_ros2_proto__rosidl_typesupport_fastrtps_cExport.cmake
-- Installing: /home/zy/X1/my_robot_ws/my_robot_ws/src/my_robot_interaction/voice_robot/install/my_ros2_proto/share/my_ros2_proto/cmake/export_my_ros2_proto__rosidl_typesupport_fastrtps_cExport-noconfig.cmake
-- Installing: /home/zy/X1/my_robot_ws/my_robot_ws/src/my_robot_interaction/voice_robot/install/my_ros2_proto/share/my_ros2_proto/cmake/my_ros2_proto__rosidl_typesupport_introspection_cExport.cmake
-- Installing: /home/zy/X1/my_robot_ws/my_robot_ws/src/my_robot_interaction/voice_robot/install/my_ros2_proto/share/my_ros2_proto/cmake/my_ros2_proto__rosidl_typesupport_introspection_cExport-noconfig.cmake
-- Installing: /home/zy/X1/my_robot_ws/my_robot_ws/src/my_robot_interaction/voice_robot/install/my_ros2_proto/share/my_ros2_proto/cmake/my_ros2_proto__rosidl_typesupport_cExport.cmake
-- Installing: /home/zy/X1/my_robot_ws/my_robot_ws/src/my_robot_interaction/voice_robot/install/my_ros2_proto/share/my_ros2_proto/cmake/my_ros2_proto__rosidl_typesupport_cExport-noconfig.cmake
-- Installing: /home/zy/X1/my_robot_ws/my_robot_ws/src/my_robot_interaction/voice_robot/install/my_ros2_proto/share/my_ros2_proto/cmake/export_my_ros2_proto__rosidl_generator_cppExport.cmake
-- Installing: /home/zy/X1/my_robot_ws/my_robot_ws/src/my_robot_interaction/voice_robot/install/my_ros2_proto/share/my_ros2_proto/cmake/export_my_ros2_proto__rosidl_typesupport_fastrtps_cppExport.cmake
-- Installing: /home/zy/X1/my_robot_ws/my_robot_ws/src/my_robot_interaction/voice_robot/install/my_ros2_proto/share/my_ros2_proto/cmake/export_my_ros2_proto__rosidl_typesupport_fastrtps_cppExport-noconfig.cmake
-- Installing: /home/zy/X1/my_robot_ws/my_robot_ws/src/my_robot_interaction/voice_robot/install/my_ros2_proto/share/my_ros2_proto/cmake/my_ros2_proto__rosidl_typesupport_introspection_cppExport.cmake
-- Installing: /home/zy/X1/my_robot_ws/my_robot_ws/src/my_robot_interaction/voice_robot/install/my_ros2_proto/share/my_ros2_proto/cmake/my_ros2_proto__rosidl_typesupport_introspection_cppExport-noconfig.cmake
-- Installing: /home/zy/X1/my_robot_ws/my_robot_ws/src/my_robot_interaction/voice_robot/install/my_ros2_proto/share/my_ros2_proto/cmake/my_ros2_proto__rosidl_typesupport_cppExport.cmake
-- Installing: /home/zy/X1/my_robot_ws/my_robot_ws/src/my_robot_interaction/voice_robot/install/my_ros2_proto/share/my_ros2_proto/cmake/my_ros2_proto__rosidl_typesupport_cppExport-noconfig.cmake
-- Installing: /home/zy/X1/my_robot_ws/my_robot_ws/src/my_robot_interaction/voice_robot/install/my_ros2_proto/share/my_ros2_proto/cmake/export_my_ros2_proto__rosidl_generator_pyExport.cmake
-- Installing: /home/zy/X1/my_robot_ws/my_robot_ws/src/my_robot_interaction/voice_robot/install/my_ros2_proto/share/my_ros2_proto/cmake/export_my_ros2_proto__rosidl_generator_pyExport-noconfig.cmake
