[0.010s] Invoking command in '/home/zy/X1/my_robot_ws/my_robot_ws/src/my_robot_interaction/voice_robot/build/my_ros2_proto': CMAKE_PREFIX_PATH=/opt/ros/humble /usr/local/bin/cmake /home/zy/X1/my_robot_ws/my_robot_ws/src/my_robot_interaction/voice_robot/my_ros2_proto -DAMENT_CMAKE_SYMLINK_INSTALL=1 -DCMAKE_INSTALL_PREFIX=/home/zy/X1/my_robot_ws/my_robot_ws/src/my_robot_interaction/voice_robot/install/my_ros2_proto
[0.240s] -- The C compiler identification is GNU 13.1.0
[0.415s] -- The CXX compiler identification is GNU 13.1.0
[0.435s] -- Detecting C compiler ABI info
[0.511s] -- Detecting C compiler ABI info - done
[0.521s] -- Check for working C compiler: /usr/bin/cc - skipped
[0.522s] -- Detecting C compile features
[0.522s] -- Detecting C compile features - done
[0.532s] -- Detecting CXX compiler ABI info
[0.603s] -- Detecting CXX compiler ABI info - done
[0.615s] -- Check for working CXX compiler: /usr/bin/c++ - skipped
[0.615s] -- Detecting CXX compile features
[0.616s] -- Detecting CXX compile features - done
[0.621s] -- Found ament_cmake: 1.3.11 (/opt/ros/humble/share/ament_cmake/cmake)
[0.740s] -- Found Python3: /usr/bin/python3 (found version "3.10.12") found components: Interpreter 
[0.805s] -- Override CMake install command with custom implementation using symlinks instead of copying resources
[0.851s] -- Found rosidl_default_generators: 1.2.0 (/opt/ros/humble/share/rosidl_default_generators/cmake)
[0.856s] -- Using all available rosidl_typesupport_c: rosidl_typesupport_fastrtps_c;rosidl_typesupport_introspection_c
[0.866s] -- Found rosidl_adapter: 3.1.6 (/opt/ros/humble/share/rosidl_adapter/cmake)
[0.931s] -- Using all available rosidl_typesupport_cpp: rosidl_typesupport_fastrtps_cpp;rosidl_typesupport_introspection_cpp
[0.985s] -- Found std_msgs: 4.2.4 (/opt/ros/humble/share/std_msgs/cmake)
[1.394s] -- Found ament_cmake_ros: 0.10.0 (/opt/ros/humble/share/ament_cmake_ros/cmake)
[1.799s] -- Using all available rosidl_typesupport_c: rosidl_typesupport_fastrtps_c;rosidl_typesupport_introspection_c
[2.326s] -- Using all available rosidl_typesupport_cpp: rosidl_typesupport_fastrtps_cpp;rosidl_typesupport_introspection_cpp
[2.328s] [33mCMake Warning (dev) at /opt/ros/humble/share/rosidl_generator_py/cmake/rosidl_generator_py_generate_interfaces.cmake:20 (find_package):
[2.328s]   Policy CMP0148 is not set: The FindPythonInterp and FindPythonLibs modules
[2.328s]   are removed.  Run "cmake --help-policy CMP0148" for policy details.  Use
[2.328s]   the cmake_policy command to set the policy and suppress this warning.
[2.329s] 
[2.329s] Call Stack (most recent call first):
[2.329s]   /opt/ros/humble/share/ament_cmake_core/cmake/core/ament_execute_extensions.cmake:48 (include)
[2.329s]   /opt/ros/humble/share/rosidl_cmake/cmake/rosidl_generate_interfaces.cmake:286 (ament_execute_extensions)
[2.329s]   CMakeLists.txt:20 (rosidl_generate_interfaces)
[2.329s] This warning is for project developers.  Use -Wno-dev to suppress it.
[2.329s] [0m
[2.347s] -- Found PythonInterp: /usr/bin/python3 (found suitable version "3.10.12", minimum required is "3.6") 
[2.349s] -- Found python_cmake_module: 0.10.0 (/opt/ros/humble/share/python_cmake_module/cmake)
[2.350s] [33mCMake Warning (dev) at /opt/ros/humble/share/python_cmake_module/cmake/Modules/FindPythonExtra.cmake:52 (find_package):
[2.350s]   Policy CMP0148 is not set: The FindPythonInterp and FindPythonLibs modules
[2.351s]   are removed.  Run "cmake --help-policy CMP0148" for policy details.  Use
[2.351s]   the cmake_policy command to set the policy and suppress this warning.
[2.351s] 
[2.351s] Call Stack (most recent call first):
[2.351s]   /opt/ros/humble/share/rosidl_generator_py/cmake/rosidl_generator_py_generate_interfaces.cmake:23 (find_package)
[2.351s]   /opt/ros/humble/share/ament_cmake_core/cmake/core/ament_execute_extensions.cmake:48 (include)
[2.351s]   /opt/ros/humble/share/rosidl_cmake/cmake/rosidl_generate_interfaces.cmake:286 (ament_execute_extensions)
[2.351s]   CMakeLists.txt:20 (rosidl_generate_interfaces)
[2.351s] This warning is for project developers.  Use -Wno-dev to suppress it.
[2.351s] [0m
[2.368s] [33mCMake Warning (dev) at /opt/ros/humble/share/python_cmake_module/cmake/Modules/FindPythonExtra.cmake:140 (find_package):
[2.368s]   Policy CMP0148 is not set: The FindPythonInterp and FindPythonLibs modules
[2.368s]   are removed.  Run "cmake --help-policy CMP0148" for policy details.  Use
[2.368s]   the cmake_policy command to set the policy and suppress this warning.
[2.368s] 
[2.368s] Call Stack (most recent call first):
[2.368s]   /opt/ros/humble/share/rosidl_generator_py/cmake/rosidl_generator_py_generate_interfaces.cmake:23 (find_package)
[2.368s]   /opt/ros/humble/share/ament_cmake_core/cmake/core/ament_execute_extensions.cmake:48 (include)
[2.368s]   /opt/ros/humble/share/rosidl_cmake/cmake/rosidl_generate_interfaces.cmake:286 (ament_execute_extensions)
[2.368s]   CMakeLists.txt:20 (rosidl_generate_interfaces)
[2.369s] This warning is for project developers.  Use -Wno-dev to suppress it.
[2.369s] [0m
[2.377s] -- Found PythonLibs: /usr/lib/x86_64-linux-gnu/libpython3.10.so (found suitable version "3.10.12", minimum required is "3.5") 
[2.377s] -- Using PYTHON_EXECUTABLE: /usr/bin/python3
[2.377s] -- Using PYTHON_INCLUDE_DIRS: /usr/include/python3.10
[2.377s] -- Using PYTHON_LIBRARIES: /usr/lib/x86_64-linux-gnu/libpython3.10.so
[2.395s] -- Found PythonExtra: .so  
[2.461s] -- Configuring done (2.4s)
[2.495s] -- Generating done (0.0s)
[2.505s] -- Build files have been written to: /home/zy/X1/my_robot_ws/my_robot_ws/src/my_robot_interaction/voice_robot/build/my_ros2_proto
[2.511s] Invoked command in '/home/zy/X1/my_robot_ws/my_robot_ws/src/my_robot_interaction/voice_robot/build/my_ros2_proto' returned '0': CMAKE_PREFIX_PATH=/opt/ros/humble /usr/local/bin/cmake /home/zy/X1/my_robot_ws/my_robot_ws/src/my_robot_interaction/voice_robot/my_ros2_proto -DAMENT_CMAKE_SYMLINK_INSTALL=1 -DCMAKE_INSTALL_PREFIX=/home/zy/X1/my_robot_ws/my_robot_ws/src/my_robot_interaction/voice_robot/install/my_ros2_proto
[2.513s] Invoking command in '/home/zy/X1/my_robot_ws/my_robot_ws/src/my_robot_interaction/voice_robot/build/my_ros2_proto': CMAKE_PREFIX_PATH=/opt/ros/humble /usr/local/bin/cmake --build /home/zy/X1/my_robot_ws/my_robot_ws/src/my_robot_interaction/voice_robot/build/my_ros2_proto -- -j8 -l8
[2.534s] [  3%] [34m[1mGenerating C code for ROS interfaces[0m
[2.540s] [  6%] [34m[1mGenerating C++ code for ROS interfaces[0m
[2.543s] [  6%] Built target ament_cmake_python_symlink_my_ros2_proto
[2.786s] [  9%] [32mBuilding C object CMakeFiles/my_ros2_proto__rosidl_generator_c.dir/rosidl_generator_c/my_ros2_proto/msg/detail/joint_command__functions.c.o[0m
[2.875s] [ 12%] [32m[1mLinking C shared library libmy_ros2_proto__rosidl_generator_c.so[0m
[2.901s] [ 12%] Built target my_ros2_proto__rosidl_generator_c
[2.903s] running egg_info
[2.904s] creating my_ros2_proto.egg-info
[2.905s] writing my_ros2_proto.egg-info/PKG-INFO
[2.905s] writing dependency_links to my_ros2_proto.egg-info/dependency_links.txt
[2.905s] writing top-level names to my_ros2_proto.egg-info/top_level.txt
[2.906s] writing manifest file 'my_ros2_proto.egg-info/SOURCES.txt'
[2.908s] [ 19%] [34m[1mGenerating C type support for eProsima Fast-RTPS[0m
[2.908s] [ 19%] [34m[1mGenerating C introspection for ROS interfaces[0m
[2.908s] [ 22%] [34m[1mGenerating C type support dispatch for ROS interfaces[0m
[2.910s] reading manifest file 'my_ros2_proto.egg-info/SOURCES.txt'
[2.911s] writing manifest file 'my_ros2_proto.egg-info/SOURCES.txt'
[2.944s] [ 22%] Built target my_ros2_proto__cpp
[2.952s] [ 22%] Built target ament_cmake_python_build_my_ros2_proto_egg
[2.953s] [ 25%] [34m[1mGenerating C++ type support for eProsima Fast-RTPS[0m
[2.953s] [ 29%] [34m[1mGenerating C++ introspection for ROS interfaces[0m
[2.953s] [ 32%] [34m[1mGenerating C++ type support dispatch for ROS interfaces[0m
[3.307s] [ 35%] [32mBuilding CXX object CMakeFiles/my_ros2_proto__rosidl_typesupport_c.dir/rosidl_typesupport_c/my_ros2_proto/msg/joint_command__type_support.cpp.o[0m
[3.343s] [ 38%] [32mBuilding CXX object CMakeFiles/my_ros2_proto__rosidl_typesupport_fastrtps_c.dir/rosidl_typesupport_fastrtps_c/my_ros2_proto/msg/detail/joint_command__type_support_c.cpp.o[0m
[3.352s] [ 41%] [32mBuilding CXX object CMakeFiles/my_ros2_proto__rosidl_typesupport_cpp.dir/rosidl_typesupport_cpp/my_ros2_proto/msg/joint_command__type_support.cpp.o[0m
[3.365s] [ 45%] [32m[1mLinking CXX shared library libmy_ros2_proto__rosidl_typesupport_c.so[0m
[3.365s] [ 48%] [32mBuilding C object CMakeFiles/my_ros2_proto__rosidl_typesupport_introspection_c.dir/rosidl_typesupport_introspection_c/my_ros2_proto/msg/detail/joint_command__type_support.c.o[0m
[3.391s] [ 51%] [32mBuilding CXX object CMakeFiles/my_ros2_proto__rosidl_typesupport_introspection_cpp.dir/rosidl_typesupport_introspection_cpp/my_ros2_proto/msg/detail/joint_command__type_support.cpp.o[0m
[3.398s] [ 54%] [32mBuilding CXX object CMakeFiles/my_ros2_proto__rosidl_typesupport_fastrtps_cpp.dir/rosidl_typesupport_fastrtps_cpp/my_ros2_proto/msg/detail/dds_fastrtps/joint_command__type_support.cpp.o[0m
[3.412s] [ 54%] Built target my_ros2_proto__rosidl_typesupport_c
[3.442s] [ 58%] [32m[1mLinking C shared library libmy_ros2_proto__rosidl_typesupport_introspection_c.so[0m
[3.472s] [ 58%] Built target my_ros2_proto__rosidl_typesupport_introspection_c
[3.790s] [ 61%] [32m[1mLinking CXX shared library libmy_ros2_proto__rosidl_typesupport_cpp.so[0m
[3.824s] [ 61%] Built target my_ros2_proto__rosidl_typesupport_cpp
[3.925s] [ 64%] [32m[1mLinking CXX shared library libmy_ros2_proto__rosidl_typesupport_fastrtps_c.so[0m
[3.932s] [ 67%] [32m[1mLinking CXX shared library libmy_ros2_proto__rosidl_typesupport_introspection_cpp.so[0m
[4.007s] [ 67%] Built target my_ros2_proto__rosidl_typesupport_introspection_cpp
[4.025s] [ 67%] Built target my_ros2_proto__rosidl_typesupport_fastrtps_c
[4.065s] [ 70%] [32m[1mLinking CXX shared library libmy_ros2_proto__rosidl_typesupport_fastrtps_cpp.so[0m
[4.130s] [ 70%] Built target my_ros2_proto__rosidl_typesupport_fastrtps_cpp
[4.141s] [ 70%] Built target my_ros2_proto
[4.151s] [ 74%] [34m[1mGenerating Python code for ROS interfaces[0m
[4.435s] [ 74%] Built target my_ros2_proto__py
[4.445s] [ 77%] [32mBuilding C object CMakeFiles/my_ros2_proto__rosidl_generator_py.dir/rosidl_generator_py/my_ros2_proto/msg/_joint_command_s.c.o[0m
[4.596s] [ 80%] [32m[1mLinking C shared library rosidl_generator_py/my_ros2_proto/libmy_ros2_proto__rosidl_generator_py.so[0m
[4.625s] [ 80%] Built target my_ros2_proto__rosidl_generator_py
[4.637s] [ 87%] [32mBuilding C object CMakeFiles/my_ros2_proto__rosidl_typesupport_introspection_c__pyext.dir/rosidl_generator_py/my_ros2_proto/_my_ros2_proto_s.ep.rosidl_typesupport_introspection_c.c.o[0m
[4.637s] [ 87%] [32mBuilding C object CMakeFiles/my_ros2_proto__rosidl_typesupport_fastrtps_c__pyext.dir/rosidl_generator_py/my_ros2_proto/_my_ros2_proto_s.ep.rosidl_typesupport_fastrtps_c.c.o[0m
[4.637s] [ 90%] [32mBuilding C object CMakeFiles/my_ros2_proto__rosidl_typesupport_c__pyext.dir/rosidl_generator_py/my_ros2_proto/_my_ros2_proto_s.ep.rosidl_typesupport_c.c.o[0m
[4.736s] [100%] [32m[1mLinking C shared library rosidl_generator_py/my_ros2_proto/my_ros2_proto_s__rosidl_typesupport_fastrtps_c.cpython-310-x86_64-linux-gnu.so[0m
[4.736s] [100%] [32m[1mLinking C shared library rosidl_generator_py/my_ros2_proto/my_ros2_proto_s__rosidl_typesupport_c.cpython-310-x86_64-linux-gnu.so[0m
[4.736s] [100%] [32m[1mLinking C shared library rosidl_generator_py/my_ros2_proto/my_ros2_proto_s__rosidl_typesupport_introspection_c.cpython-310-x86_64-linux-gnu.so[0m
[4.768s] [100%] Built target my_ros2_proto__rosidl_typesupport_c__pyext
[4.768s] [100%] Built target my_ros2_proto__rosidl_typesupport_introspection_c__pyext
[4.768s] [100%] Built target my_ros2_proto__rosidl_typesupport_fastrtps_c__pyext
[4.774s] Invoked command in '/home/zy/X1/my_robot_ws/my_robot_ws/src/my_robot_interaction/voice_robot/build/my_ros2_proto' returned '0': CMAKE_PREFIX_PATH=/opt/ros/humble /usr/local/bin/cmake --build /home/zy/X1/my_robot_ws/my_robot_ws/src/my_robot_interaction/voice_robot/build/my_ros2_proto -- -j8 -l8
[4.779s] Invoking command in '/home/zy/X1/my_robot_ws/my_robot_ws/src/my_robot_interaction/voice_robot/build/my_ros2_proto': CMAKE_PREFIX_PATH=/opt/ros/humble /usr/local/bin/cmake --install /home/zy/X1/my_robot_ws/my_robot_ws/src/my_robot_interaction/voice_robot/build/my_ros2_proto
[4.782s] -- Install configuration: ""
[4.783s] -- Execute custom install script
[4.783s] -- Symlinking: /home/zy/X1/my_robot_ws/my_robot_ws/src/my_robot_interaction/voice_robot/install/my_ros2_proto/share/ament_index/resource_index/rosidl_interfaces/my_ros2_proto
[4.787s] -- Symlinking: /home/zy/X1/my_robot_ws/my_robot_ws/src/my_robot_interaction/voice_robot/install/my_ros2_proto/include/my_ros2_proto/my_ros2_proto/msg/detail/joint_command__functions.h
[4.790s] -- Symlinking: /home/zy/X1/my_robot_ws/my_robot_ws/src/my_robot_interaction/voice_robot/install/my_ros2_proto/include/my_ros2_proto/my_ros2_proto/msg/detail/joint_command__struct.h
[4.794s] -- Symlinking: /home/zy/X1/my_robot_ws/my_robot_ws/src/my_robot_interaction/voice_robot/install/my_ros2_proto/include/my_ros2_proto/my_ros2_proto/msg/detail/joint_command__type_support.h
[4.797s] -- Symlinking: /home/zy/X1/my_robot_ws/my_robot_ws/src/my_robot_interaction/voice_robot/install/my_ros2_proto/include/my_ros2_proto/my_ros2_proto/msg/joint_command.h
[4.800s] -- Symlinking: /home/zy/X1/my_robot_ws/my_robot_ws/src/my_robot_interaction/voice_robot/install/my_ros2_proto/include/my_ros2_proto/my_ros2_proto/msg/rosidl_generator_c__visibility_control.h
[4.804s] -- Symlinking: /home/zy/X1/my_robot_ws/my_robot_ws/src/my_robot_interaction/voice_robot/install/my_ros2_proto/share/my_ros2_proto/environment/library_path.sh
[4.807s] -- Symlinking: /home/zy/X1/my_robot_ws/my_robot_ws/src/my_robot_interaction/voice_robot/install/my_ros2_proto/share/my_ros2_proto/environment/library_path.dsv
[4.811s] -- Symlinking: /home/zy/X1/my_robot_ws/my_robot_ws/src/my_robot_interaction/voice_robot/install/my_ros2_proto/include/my_ros2_proto/my_ros2_proto/msg/detail/joint_command__rosidl_typesupport_fastrtps_c.h
[4.815s] -- Symlinking: /home/zy/X1/my_robot_ws/my_robot_ws/src/my_robot_interaction/voice_robot/install/my_ros2_proto/include/my_ros2_proto/my_ros2_proto/msg/rosidl_typesupport_fastrtps_c__visibility_control.h
[4.820s] -- Symlinking: /home/zy/X1/my_robot_ws/my_robot_ws/src/my_robot_interaction/voice_robot/install/my_ros2_proto/include/my_ros2_proto/my_ros2_proto/msg/detail/joint_command__rosidl_typesupport_introspection_c.h
[4.824s] -- Symlinking: /home/zy/X1/my_robot_ws/my_robot_ws/src/my_robot_interaction/voice_robot/install/my_ros2_proto/include/my_ros2_proto/my_ros2_proto/msg/rosidl_typesupport_introspection_c__visibility_control.h
[4.827s] -- Symlinking: /home/zy/X1/my_robot_ws/my_robot_ws/src/my_robot_interaction/voice_robot/install/my_ros2_proto/include/my_ros2_proto/my_ros2_proto/msg/detail/joint_command__builder.hpp
[4.831s] -- Symlinking: /home/zy/X1/my_robot_ws/my_robot_ws/src/my_robot_interaction/voice_robot/install/my_ros2_proto/include/my_ros2_proto/my_ros2_proto/msg/detail/joint_command__struct.hpp
[4.835s] -- Symlinking: /home/zy/X1/my_robot_ws/my_robot_ws/src/my_robot_interaction/voice_robot/install/my_ros2_proto/include/my_ros2_proto/my_ros2_proto/msg/detail/joint_command__traits.hpp
[4.839s] -- Symlinking: /home/zy/X1/my_robot_ws/my_robot_ws/src/my_robot_interaction/voice_robot/install/my_ros2_proto/include/my_ros2_proto/my_ros2_proto/msg/detail/joint_command__type_support.hpp
[4.842s] -- Symlinking: /home/zy/X1/my_robot_ws/my_robot_ws/src/my_robot_interaction/voice_robot/install/my_ros2_proto/include/my_ros2_proto/my_ros2_proto/msg/joint_command.hpp
[4.846s] -- Symlinking: /home/zy/X1/my_robot_ws/my_robot_ws/src/my_robot_interaction/voice_robot/install/my_ros2_proto/include/my_ros2_proto/my_ros2_proto/msg/rosidl_generator_cpp__visibility_control.hpp
[4.849s] -- Symlinking: /home/zy/X1/my_robot_ws/my_robot_ws/src/my_robot_interaction/voice_robot/install/my_ros2_proto/include/my_ros2_proto/my_ros2_proto/msg/detail/joint_command__rosidl_typesupport_fastrtps_cpp.hpp
[4.853s] -- Symlinking: /home/zy/X1/my_robot_ws/my_robot_ws/src/my_robot_interaction/voice_robot/install/my_ros2_proto/include/my_ros2_proto/my_ros2_proto/msg/rosidl_typesupport_fastrtps_cpp__visibility_control.h
[4.856s] -- Symlinking: /home/zy/X1/my_robot_ws/my_robot_ws/src/my_robot_interaction/voice_robot/install/my_ros2_proto/include/my_ros2_proto/my_ros2_proto/msg/detail/joint_command__rosidl_typesupport_introspection_cpp.hpp
[4.859s] -- Symlinking: /home/zy/X1/my_robot_ws/my_robot_ws/src/my_robot_interaction/voice_robot/install/my_ros2_proto/share/my_ros2_proto/environment/pythonpath.sh
[4.863s] -- Symlinking: /home/zy/X1/my_robot_ws/my_robot_ws/src/my_robot_interaction/voice_robot/install/my_ros2_proto/share/my_ros2_proto/environment/pythonpath.dsv
[4.866s] -- Symlinking: /home/zy/X1/my_robot_ws/my_robot_ws/src/my_robot_interaction/voice_robot/install/my_ros2_proto/local/lib/python3.10/dist-packages/my_ros2_proto-0.1.0-py3.10.egg-info/PKG-INFO
[4.870s] -- Symlinking: /home/zy/X1/my_robot_ws/my_robot_ws/src/my_robot_interaction/voice_robot/install/my_ros2_proto/local/lib/python3.10/dist-packages/my_ros2_proto-0.1.0-py3.10.egg-info/SOURCES.txt
[4.873s] -- Symlinking: /home/zy/X1/my_robot_ws/my_robot_ws/src/my_robot_interaction/voice_robot/install/my_ros2_proto/local/lib/python3.10/dist-packages/my_ros2_proto-0.1.0-py3.10.egg-info/dependency_links.txt
[4.876s] -- Symlinking: /home/zy/X1/my_robot_ws/my_robot_ws/src/my_robot_interaction/voice_robot/install/my_ros2_proto/local/lib/python3.10/dist-packages/my_ros2_proto-0.1.0-py3.10.egg-info/top_level.txt
[4.880s] -- Symlinking: /home/zy/X1/my_robot_ws/my_robot_ws/src/my_robot_interaction/voice_robot/install/my_ros2_proto/local/lib/python3.10/dist-packages/my_ros2_proto/__init__.py
[4.883s] -- Symlinking: /home/zy/X1/my_robot_ws/my_robot_ws/src/my_robot_interaction/voice_robot/install/my_ros2_proto/local/lib/python3.10/dist-packages/my_ros2_proto/_my_ros2_proto_s.ep.rosidl_typesupport_c.c
[4.887s] -- Symlinking: /home/zy/X1/my_robot_ws/my_robot_ws/src/my_robot_interaction/voice_robot/install/my_ros2_proto/local/lib/python3.10/dist-packages/my_ros2_proto/_my_ros2_proto_s.ep.rosidl_typesupport_fastrtps_c.c
[4.890s] -- Symlinking: /home/zy/X1/my_robot_ws/my_robot_ws/src/my_robot_interaction/voice_robot/install/my_ros2_proto/local/lib/python3.10/dist-packages/my_ros2_proto/_my_ros2_proto_s.ep.rosidl_typesupport_introspection_c.c
[4.893s] -- Symlinking: /home/zy/X1/my_robot_ws/my_robot_ws/src/my_robot_interaction/voice_robot/install/my_ros2_proto/local/lib/python3.10/dist-packages/my_ros2_proto/libmy_ros2_proto__rosidl_generator_py.so
[4.897s] -- Symlinking: /home/zy/X1/my_robot_ws/my_robot_ws/src/my_robot_interaction/voice_robot/install/my_ros2_proto/local/lib/python3.10/dist-packages/my_ros2_proto/msg/__init__.py
[4.900s] -- Symlinking: /home/zy/X1/my_robot_ws/my_robot_ws/src/my_robot_interaction/voice_robot/install/my_ros2_proto/local/lib/python3.10/dist-packages/my_ros2_proto/msg/_joint_command.py
[4.904s] -- Symlinking: /home/zy/X1/my_robot_ws/my_robot_ws/src/my_robot_interaction/voice_robot/install/my_ros2_proto/local/lib/python3.10/dist-packages/my_ros2_proto/msg/_joint_command_s.c
[4.907s] -- Symlinking: /home/zy/X1/my_robot_ws/my_robot_ws/src/my_robot_interaction/voice_robot/install/my_ros2_proto/local/lib/python3.10/dist-packages/my_ros2_proto/my_ros2_proto_s__rosidl_typesupport_c.cpython-310-x86_64-linux-gnu.so
[4.910s] -- Symlinking: /home/zy/X1/my_robot_ws/my_robot_ws/src/my_robot_interaction/voice_robot/install/my_ros2_proto/local/lib/python3.10/dist-packages/my_ros2_proto/my_ros2_proto_s__rosidl_typesupport_fastrtps_c.cpython-310-x86_64-linux-gnu.so
[4.914s] -- Symlinking: /home/zy/X1/my_robot_ws/my_robot_ws/src/my_robot_interaction/voice_robot/install/my_ros2_proto/local/lib/python3.10/dist-packages/my_ros2_proto/my_ros2_proto_s__rosidl_typesupport_introspection_c.cpython-310-x86_64-linux-gnu.so
[4.918s] -- Up-to-date symlink: /home/zy/X1/my_robot_ws/my_robot_ws/src/my_robot_interaction/voice_robot/install/my_ros2_proto/local/lib/python3.10/dist-packages/my_ros2_proto/my_ros2_proto_s__rosidl_typesupport_fastrtps_c.cpython-310-x86_64-linux-gnu.so
[4.919s] -- Up-to-date symlink: /home/zy/X1/my_robot_ws/my_robot_ws/src/my_robot_interaction/voice_robot/install/my_ros2_proto/local/lib/python3.10/dist-packages/my_ros2_proto/my_ros2_proto_s__rosidl_typesupport_introspection_c.cpython-310-x86_64-linux-gnu.so
[4.919s] -- Up-to-date symlink: /home/zy/X1/my_robot_ws/my_robot_ws/src/my_robot_interaction/voice_robot/install/my_ros2_proto/local/lib/python3.10/dist-packages/my_ros2_proto/my_ros2_proto_s__rosidl_typesupport_c.cpython-310-x86_64-linux-gnu.so
[4.919s] -- Symlinking: /home/zy/X1/my_robot_ws/my_robot_ws/src/my_robot_interaction/voice_robot/install/my_ros2_proto/share/my_ros2_proto/msg/JointCommand.idl
[4.923s] -- Symlinking: /home/zy/X1/my_robot_ws/my_robot_ws/src/my_robot_interaction/voice_robot/install/my_ros2_proto/share/my_ros2_proto/msg/JointCommand.msg
[4.927s] -- Symlinking: /home/zy/X1/my_robot_ws/my_robot_ws/src/my_robot_interaction/voice_robot/install/my_ros2_proto/share/ament_index/resource_index/package_run_dependencies/my_ros2_proto
[4.930s] -- Symlinking: /home/zy/X1/my_robot_ws/my_robot_ws/src/my_robot_interaction/voice_robot/install/my_ros2_proto/share/ament_index/resource_index/parent_prefix_path/my_ros2_proto
[4.934s] -- Symlinking: /home/zy/X1/my_robot_ws/my_robot_ws/src/my_robot_interaction/voice_robot/install/my_ros2_proto/share/my_ros2_proto/environment/ament_prefix_path.sh
[4.938s] -- Symlinking: /home/zy/X1/my_robot_ws/my_robot_ws/src/my_robot_interaction/voice_robot/install/my_ros2_proto/share/my_ros2_proto/environment/ament_prefix_path.dsv
[4.941s] -- Symlinking: /home/zy/X1/my_robot_ws/my_robot_ws/src/my_robot_interaction/voice_robot/install/my_ros2_proto/share/my_ros2_proto/environment/path.sh
[4.944s] -- Symlinking: /home/zy/X1/my_robot_ws/my_robot_ws/src/my_robot_interaction/voice_robot/install/my_ros2_proto/share/my_ros2_proto/environment/path.dsv
[4.948s] -- Symlinking: /home/zy/X1/my_robot_ws/my_robot_ws/src/my_robot_interaction/voice_robot/install/my_ros2_proto/share/my_ros2_proto/local_setup.bash
[4.951s] -- Symlinking: /home/zy/X1/my_robot_ws/my_robot_ws/src/my_robot_interaction/voice_robot/install/my_ros2_proto/share/my_ros2_proto/local_setup.sh
[4.954s] -- Symlinking: /home/zy/X1/my_robot_ws/my_robot_ws/src/my_robot_interaction/voice_robot/install/my_ros2_proto/share/my_ros2_proto/local_setup.zsh
[4.958s] -- Symlinking: /home/zy/X1/my_robot_ws/my_robot_ws/src/my_robot_interaction/voice_robot/install/my_ros2_proto/share/my_ros2_proto/local_setup.dsv
[4.961s] -- Symlinking: /home/zy/X1/my_robot_ws/my_robot_ws/src/my_robot_interaction/voice_robot/install/my_ros2_proto/share/my_ros2_proto/package.dsv
[4.965s] -- Symlinking: /home/zy/X1/my_robot_ws/my_robot_ws/src/my_robot_interaction/voice_robot/install/my_ros2_proto/share/ament_index/resource_index/packages/my_ros2_proto
[4.968s] -- Symlinking: /home/zy/X1/my_robot_ws/my_robot_ws/src/my_robot_interaction/voice_robot/install/my_ros2_proto/share/my_ros2_proto/cmake/rosidl_cmake-extras.cmake
[4.972s] -- Symlinking: /home/zy/X1/my_robot_ws/my_robot_ws/src/my_robot_interaction/voice_robot/install/my_ros2_proto/share/my_ros2_proto/cmake/ament_cmake_export_dependencies-extras.cmake
[4.975s] -- Symlinking: /home/zy/X1/my_robot_ws/my_robot_ws/src/my_robot_interaction/voice_robot/install/my_ros2_proto/share/my_ros2_proto/cmake/ament_cmake_export_include_directories-extras.cmake
[4.979s] -- Symlinking: /home/zy/X1/my_robot_ws/my_robot_ws/src/my_robot_interaction/voice_robot/install/my_ros2_proto/share/my_ros2_proto/cmake/ament_cmake_export_libraries-extras.cmake
[4.983s] -- Symlinking: /home/zy/X1/my_robot_ws/my_robot_ws/src/my_robot_interaction/voice_robot/install/my_ros2_proto/share/my_ros2_proto/cmake/ament_cmake_export_targets-extras.cmake
[4.986s] -- Symlinking: /home/zy/X1/my_robot_ws/my_robot_ws/src/my_robot_interaction/voice_robot/install/my_ros2_proto/share/my_ros2_proto/cmake/rosidl_cmake_export_typesupport_targets-extras.cmake
[4.990s] -- Symlinking: /home/zy/X1/my_robot_ws/my_robot_ws/src/my_robot_interaction/voice_robot/install/my_ros2_proto/share/my_ros2_proto/cmake/rosidl_cmake_export_typesupport_libraries-extras.cmake
[4.993s] -- Symlinking: /home/zy/X1/my_robot_ws/my_robot_ws/src/my_robot_interaction/voice_robot/install/my_ros2_proto/share/my_ros2_proto/cmake/my_ros2_protoConfig.cmake
[4.997s] -- Symlinking: /home/zy/X1/my_robot_ws/my_robot_ws/src/my_robot_interaction/voice_robot/install/my_ros2_proto/share/my_ros2_proto/cmake/my_ros2_protoConfig-version.cmake
[5.000s] -- Symlinking: /home/zy/X1/my_robot_ws/my_robot_ws/src/my_robot_interaction/voice_robot/install/my_ros2_proto/share/my_ros2_proto/package.xml
[5.004s] -- Installing: /home/zy/X1/my_robot_ws/my_robot_ws/src/my_robot_interaction/voice_robot/install/my_ros2_proto/lib/libmy_ros2_proto__rosidl_generator_c.so
[5.004s] -- Set runtime path of "/home/zy/X1/my_robot_ws/my_robot_ws/src/my_robot_interaction/voice_robot/install/my_ros2_proto/lib/libmy_ros2_proto__rosidl_generator_c.so" to ""
[5.004s] -- Installing: /home/zy/X1/my_robot_ws/my_robot_ws/src/my_robot_interaction/voice_robot/install/my_ros2_proto/lib/libmy_ros2_proto__rosidl_typesupport_fastrtps_c.so
[5.005s] -- Set runtime path of "/home/zy/X1/my_robot_ws/my_robot_ws/src/my_robot_interaction/voice_robot/install/my_ros2_proto/lib/libmy_ros2_proto__rosidl_typesupport_fastrtps_c.so" to ""
[5.005s] -- Installing: /home/zy/X1/my_robot_ws/my_robot_ws/src/my_robot_interaction/voice_robot/install/my_ros2_proto/lib/libmy_ros2_proto__rosidl_typesupport_introspection_c.so
[5.006s] -- Set runtime path of "/home/zy/X1/my_robot_ws/my_robot_ws/src/my_robot_interaction/voice_robot/install/my_ros2_proto/lib/libmy_ros2_proto__rosidl_typesupport_introspection_c.so" to ""
[5.006s] -- Installing: /home/zy/X1/my_robot_ws/my_robot_ws/src/my_robot_interaction/voice_robot/install/my_ros2_proto/lib/libmy_ros2_proto__rosidl_typesupport_c.so
[5.006s] -- Set runtime path of "/home/zy/X1/my_robot_ws/my_robot_ws/src/my_robot_interaction/voice_robot/install/my_ros2_proto/lib/libmy_ros2_proto__rosidl_typesupport_c.so" to ""
[5.006s] -- Installing: /home/zy/X1/my_robot_ws/my_robot_ws/src/my_robot_interaction/voice_robot/install/my_ros2_proto/lib/libmy_ros2_proto__rosidl_typesupport_fastrtps_cpp.so
[5.007s] -- Set runtime path of "/home/zy/X1/my_robot_ws/my_robot_ws/src/my_robot_interaction/voice_robot/install/my_ros2_proto/lib/libmy_ros2_proto__rosidl_typesupport_fastrtps_cpp.so" to ""
[5.007s] -- Installing: /home/zy/X1/my_robot_ws/my_robot_ws/src/my_robot_interaction/voice_robot/install/my_ros2_proto/lib/libmy_ros2_proto__rosidl_typesupport_introspection_cpp.so
[5.007s] -- Set runtime path of "/home/zy/X1/my_robot_ws/my_robot_ws/src/my_robot_interaction/voice_robot/install/my_ros2_proto/lib/libmy_ros2_proto__rosidl_typesupport_introspection_cpp.so" to ""
[5.008s] -- Installing: /home/zy/X1/my_robot_ws/my_robot_ws/src/my_robot_interaction/voice_robot/install/my_ros2_proto/lib/libmy_ros2_proto__rosidl_typesupport_cpp.so
[5.008s] -- Set runtime path of "/home/zy/X1/my_robot_ws/my_robot_ws/src/my_robot_interaction/voice_robot/install/my_ros2_proto/lib/libmy_ros2_proto__rosidl_typesupport_cpp.so" to ""
[5.042s] Listing '/home/zy/X1/my_robot_ws/my_robot_ws/src/my_robot_interaction/voice_robot/install/my_ros2_proto/local/lib/python3.10/dist-packages/my_ros2_proto'...
[5.042s] Compiling '/home/zy/X1/my_robot_ws/my_robot_ws/src/my_robot_interaction/voice_robot/install/my_ros2_proto/local/lib/python3.10/dist-packages/my_ros2_proto/__init__.py'...
[5.042s] Listing '/home/zy/X1/my_robot_ws/my_robot_ws/src/my_robot_interaction/voice_robot/install/my_ros2_proto/local/lib/python3.10/dist-packages/my_ros2_proto/msg'...
[5.042s] Compiling '/home/zy/X1/my_robot_ws/my_robot_ws/src/my_robot_interaction/voice_robot/install/my_ros2_proto/local/lib/python3.10/dist-packages/my_ros2_proto/msg/__init__.py'...
[5.042s] Compiling '/home/zy/X1/my_robot_ws/my_robot_ws/src/my_robot_interaction/voice_robot/install/my_ros2_proto/local/lib/python3.10/dist-packages/my_ros2_proto/msg/_joint_command.py'...
[5.046s] -- Installing: /home/zy/X1/my_robot_ws/my_robot_ws/src/my_robot_interaction/voice_robot/install/my_ros2_proto/lib/libmy_ros2_proto__rosidl_generator_py.so
[5.046s] -- Set runtime path of "/home/zy/X1/my_robot_ws/my_robot_ws/src/my_robot_interaction/voice_robot/install/my_ros2_proto/lib/libmy_ros2_proto__rosidl_generator_py.so" to ""
[5.047s] -- Installing: /home/zy/X1/my_robot_ws/my_robot_ws/src/my_robot_interaction/voice_robot/install/my_ros2_proto/share/my_ros2_proto/cmake/export_my_ros2_proto__rosidl_generator_cExport.cmake
[5.047s] -- Installing: /home/zy/X1/my_robot_ws/my_robot_ws/src/my_robot_interaction/voice_robot/install/my_ros2_proto/share/my_ros2_proto/cmake/export_my_ros2_proto__rosidl_generator_cExport-noconfig.cmake
[5.047s] -- Installing: /home/zy/X1/my_robot_ws/my_robot_ws/src/my_robot_interaction/voice_robot/install/my_ros2_proto/share/my_ros2_proto/cmake/export_my_ros2_proto__rosidl_typesupport_fastrtps_cExport.cmake
[5.047s] -- Installing: /home/zy/X1/my_robot_ws/my_robot_ws/src/my_robot_interaction/voice_robot/install/my_ros2_proto/share/my_ros2_proto/cmake/export_my_ros2_proto__rosidl_typesupport_fastrtps_cExport-noconfig.cmake
[5.047s] -- Installing: /home/zy/X1/my_robot_ws/my_robot_ws/src/my_robot_interaction/voice_robot/install/my_ros2_proto/share/my_ros2_proto/cmake/my_ros2_proto__rosidl_typesupport_introspection_cExport.cmake
[5.047s] -- Installing: /home/zy/X1/my_robot_ws/my_robot_ws/src/my_robot_interaction/voice_robot/install/my_ros2_proto/share/my_ros2_proto/cmake/my_ros2_proto__rosidl_typesupport_introspection_cExport-noconfig.cmake
[5.047s] -- Installing: /home/zy/X1/my_robot_ws/my_robot_ws/src/my_robot_interaction/voice_robot/install/my_ros2_proto/share/my_ros2_proto/cmake/my_ros2_proto__rosidl_typesupport_cExport.cmake
[5.047s] -- Installing: /home/zy/X1/my_robot_ws/my_robot_ws/src/my_robot_interaction/voice_robot/install/my_ros2_proto/share/my_ros2_proto/cmake/my_ros2_proto__rosidl_typesupport_cExport-noconfig.cmake
[5.048s] -- Installing: /home/zy/X1/my_robot_ws/my_robot_ws/src/my_robot_interaction/voice_robot/install/my_ros2_proto/share/my_ros2_proto/cmake/export_my_ros2_proto__rosidl_generator_cppExport.cmake
[5.048s] -- Installing: /home/zy/X1/my_robot_ws/my_robot_ws/src/my_robot_interaction/voice_robot/install/my_ros2_proto/share/my_ros2_proto/cmake/export_my_ros2_proto__rosidl_typesupport_fastrtps_cppExport.cmake
[5.048s] -- Installing: /home/zy/X1/my_robot_ws/my_robot_ws/src/my_robot_interaction/voice_robot/install/my_ros2_proto/share/my_ros2_proto/cmake/export_my_ros2_proto__rosidl_typesupport_fastrtps_cppExport-noconfig.cmake
[5.048s] -- Installing: /home/zy/X1/my_robot_ws/my_robot_ws/src/my_robot_interaction/voice_robot/install/my_ros2_proto/share/my_ros2_proto/cmake/my_ros2_proto__rosidl_typesupport_introspection_cppExport.cmake
[5.048s] -- Installing: /home/zy/X1/my_robot_ws/my_robot_ws/src/my_robot_interaction/voice_robot/install/my_ros2_proto/share/my_ros2_proto/cmake/my_ros2_proto__rosidl_typesupport_introspection_cppExport-noconfig.cmake
[5.048s] -- Installing: /home/zy/X1/my_robot_ws/my_robot_ws/src/my_robot_interaction/voice_robot/install/my_ros2_proto/share/my_ros2_proto/cmake/my_ros2_proto__rosidl_typesupport_cppExport.cmake
[5.048s] -- Installing: /home/zy/X1/my_robot_ws/my_robot_ws/src/my_robot_interaction/voice_robot/install/my_ros2_proto/share/my_ros2_proto/cmake/my_ros2_proto__rosidl_typesupport_cppExport-noconfig.cmake
[5.049s] -- Installing: /home/zy/X1/my_robot_ws/my_robot_ws/src/my_robot_interaction/voice_robot/install/my_ros2_proto/share/my_ros2_proto/cmake/export_my_ros2_proto__rosidl_generator_pyExport.cmake
[5.049s] -- Installing: /home/zy/X1/my_robot_ws/my_robot_ws/src/my_robot_interaction/voice_robot/install/my_ros2_proto/share/my_ros2_proto/cmake/export_my_ros2_proto__rosidl_generator_pyExport-noconfig.cmake
[5.050s] Invoked command in '/home/zy/X1/my_robot_ws/my_robot_ws/src/my_robot_interaction/voice_robot/build/my_ros2_proto' returned '0': CMAKE_PREFIX_PATH=/opt/ros/humble /usr/local/bin/cmake --install /home/zy/X1/my_robot_ws/my_robot_ws/src/my_robot_interaction/voice_robot/build/my_ros2_proto
